Virtual User Script started at: 01.12.2023 21:40:35
Starting action vuser_init.
Web Turbo Replay of LoadRunner 2021.0.0 for Windows 10; build 430 (янв 05 2021 19:27:22)  	[MsgId: MMSG-26983]
Run mode: HTML  	[MsgId: MMSG-26993]
Replay user agent: Mozilla/5.0 (Windows NT 10.0; Win64; x64) AppleWebKit/537.36 (KHTML, like Gecko) Chrome/119.0.0.0 Safari/537.36  	[MsgId: MMSG-26988]
Runtime Settings file: "C:\Users\klim3\Desktop\mail_trash\\default.cfg"  	[MsgId: MMSG-27141]
Ending action vuser_init.
Running Vuser...
Starting iteration 1.
Maximum number of concurrent connections per server: 6  	[MsgId: MMSG-26989]
Starting action Action.
Action.c(4): Notify: Transaction "1_transaction" started.
Action.c(7): web_reg_save_param_regexp started  	[MsgId: MMSG-26355]
Action.c(7): Registering web_reg_save_param_regexp was successful  	[MsgId: MMSG-26390]
Action.c(12): web_reg_find started  	[MsgId: MMSG-26355]
Action.c(12): Registering web_reg_find was successful  	[MsgId: MMSG-26390]
Action.c(16): web_url("mail.ru") started  	[MsgId: MMSG-26355]
Action.c(16): Found resource "https://limg.imgsmail.ru/re/c/theme-system-811b094eed94.css" in HTML "https://mail.ru/"  	[MsgId: MMSG-26659]
Action.c(16): Found resource "https://limg.imgsmail.ru/re/c/desktop-0a6aa1a6.css" in HTML "https://mail.ru/"  	[MsgId: MMSG-26659]
Action.c(16): Found resource "https://limg.imgsmail.ru/re/c/app-b11fcec2.css" in HTML "https://mail.ru/"  	[MsgId: MMSG-26659]
Action.c(16): Found resource "https://rs.mail.ru/d69888407.gif?sz=15&rnd=323436999&ts=1701456036&sz=15" in HTML "https://mail.ru/"  	[MsgId: MMSG-26659]
Action.c(16): Found resource "https://ad.mail.ru/i1629.gif" in HTML "https://mail.ru/"  	[MsgId: MMSG-26659]
Action.c(16): Found resource "https://ad.mail.ru/i3465.gif" in HTML "https://mail.ru/"  	[MsgId: MMSG-26659]
Action.c(16): Found resource "https://limg.imgsmail.ru/pkgs/whiteline/2.148.4/external.css" in HTML "https://mail.ru/"  	[MsgId: MMSG-26659]
Action.c(16): Found resource "https://limg.imgsmail.ru/pkgs/whiteline/2.148.4/inline.modern.js" in HTML "https://mail.ru/"  	[MsgId: MMSG-26659]
Action.c(16): Found resource "https://limg.imgsmail.ru/re/j/slidotype-e145c225.js" in HTML "https://mail.ru/"  	[MsgId: MMSG-26659]
Action.c(16): Found resource "https://r.mradx.net/img/66/64C633.png" in HTML "https://mail.ru/"  	[MsgId: MMSG-26659]
Action.c(16): Found resource "https://r.mradx.net/img/DD/6982C3.png" in HTML "https://mail.ru/"  	[MsgId: MMSG-26659]
Action.c(16): Found resource "https://mail.ru/re/i/icons/05c5582306fd.svg" in HTML "https://mail.ru/"  	[MsgId: MMSG-26659]
Action.c(16): Found resource "https://mail.ru/re/i/icons/ea00582306fd.svg" in HTML "https://mail.ru/"  	[MsgId: MMSG-26659]
Action.c(16): Found resource "https://mail.ru/re/i/icons/475d582306fd.svg" in HTML "https://mail.ru/"  	[MsgId: MMSG-26659]
Action.c(16): Found resource "https://r.mradx.net/img/46/4B5CF0.svg" in HTML "https://mail.ru/"  	[MsgId: MMSG-26659]
Action.c(16): Found resource "https://r.mradx.net/img/64/4FC0AB.png" in HTML "https://mail.ru/"  	[MsgId: MMSG-26659]
Action.c(16): Found resource "https://vkplay.ru/hotbox/showcase/gamelocale/icon/f836b4b0-1f71-4f0e-85e6-ef0919601c4e.png" in HTML "https://mail.ru/"  	[MsgId: MMSG-26659]
Action.c(16): Found resource "https://vkplay.ru/hotbox/showcase/gamelocale/icon/e0120d27-be2d-4a98-983a-3c567f94d0d2.png" in HTML "https://mail.ru/"  	[MsgId: MMSG-26659]
Action.c(16): Detected non-resource "https://yandex.ru/portal/searchframe/desktop?theme=system&button=&mstatid=100000000&dark_theme=0" in "https://mail.ru/"  	[MsgId: MMSG-26574]
Action.c(16): Found resource "https://mail.ru/re/i/icons/9649582306fd.svg" in HTML "https://mail.ru/"  	[MsgId: MMSG-26659]
Action.c(16): Found resource "https://home.imgsmail.ru/antares/test/test.js" in HTML "https://mail.ru/"  	[MsgId: MMSG-26659]
Action.c(16): No socket (out of 16) is CURRENTLY available for a regular connection for URL="https://home.imgsmail.ru/antares/test/test.js"  	[MsgId: MMSG-26000]
Action.c(16): Found resource "https://limg.imgsmail.ru/informers/resplash/test.js" in HTML "https://mail.ru/"  	[MsgId: MMSG-26659]
Action.c(16): Found resource "https://imgs2.imgsmail.ru/test.js" in HTML "https://mail.ru/"  	[MsgId: MMSG-26659]
Action.c(16): No socket (out of 16) is CURRENTLY available for a regular connection for URL="https://imgs2.imgsmail.ru/test.js"  	[MsgId: MMSG-26000]
Action.c(16): Found resource "https://limg.imgsmail.ru/re/j/app-2d745eb1.js" in HTML "https://mail.ru/"  	[MsgId: MMSG-26659]
Action.c(16): Found resource "https://reklama.mail.ru/d17184638.gif" in HTML "https://mail.ru/"  	[MsgId: MMSG-26659]
Action.c(16): No socket (out of 16) is CURRENTLY available for a regular connection for URL="https://reklama.mail.ru/d17184638.gif"  	[MsgId: MMSG-26000]
Action.c(16): Found resource "https://rs.mail.ru/d795553.gif?rnd=364767191&ts=1701456036" in HTML "https://mail.ru/"  	[MsgId: MMSG-26659]
Action.c(16): No socket (out of 16) is CURRENTLY available for a regular connection for URL="https://rs.mail.ru/d795553.gif?rnd=364767191&ts=1701456036"  	[MsgId: MMSG-26000]
Action.c(16): Found resource "https://an.mail.ru/count/U_4amautHtK505u0488WCPTsrL400000O9WBSFJqW908a042m042s06AXnte0O01y0ACkfAo1h030g06gWF91hi-4Mkr5qq5gGU6her73VSAJj070l8D0FeD088E0000" in HTML "https://mail.ru/"  	[MsgId: MMSG-26659]
Action.c(16): No socket (out of 16) is CURRENTLY available for a regular connection for URL="https://an.mail.ru/count/U_4amautHtK505u0488WCPTsrL400000O9WBSFJqW908a042m042s06AXnte0O01y0ACkfAo1h030g06gWF91hi-4Mkr5qq5gGU6her73VSAJj070l8D0FeD088E0000"  	[MsgId: MMSG-26000]
Action.c(16): Redirecting "https://an.mail.ru/count/U_4amautHtK505u0488WCPTsrL400000O9WBSFJqW908a042m042s06AXnte0O01y0ACkfAo1h030g06gWF91hi-4Mkr5qq5gGU6her73VSAJj070l8D0FeD088E0000" (redirection depth is 0)  	[MsgId: MMSG-26694]
Action.c(16): To location "https://bs.yandex.ru/count/W9aejI_z8oVX2LcyPGG050TxyIJ24YmovmK0l00GWY0nbtRLKG00001Wc0jmzFI0a0YG0GB00GBO0Og77UW1W07m0eowah86i0C2e0Qg0ya6kpuHQxKNJGMf1uQkZKSDzmfEq0S2-1Z1YlRieu-y_6E06UaSW1r_WIK00000003mFmVyR1va0pm_uSqEkeFghe4b-AjYfrlWOWS0~2,an.mail.ru,,2084722281"  	[MsgId: MMSG-26693]
Action.c(16): Redirecting "https://bs.yandex.ru/count/W9aejI_z8oVX2LcyPGG050TxyIJ24YmovmK0l00GWY0nbtRLKG00001Wc0jmzFI0a0YG0GB00GBO0Og77UW1W07m0eowah86i0C2e0Qg0ya6kpuHQxKNJGMf1uQkZKSDzmfEq0S2-1Z1YlRieu-y_6E06UaSW1r_WIK00000003mFmVyR1va0pm_uSqEkeFghe4b-AjYfrlWOWS0~2,an.mail.ru,,2084722281" (redirection depth is 1)  	[MsgId: MMSG-26694]
Action.c(16): To location "https://an.mail.ru/count/W9aejI_z8oVX2LcyPGG050TxyIJ24YmovmK0l00GWY0nbtRLKG00001Wc0jmzFI0a0YG0GB00GBO0Og77UW1W07m0eowah86i0C2e0Qg0ya6kpuHQxKNJGMf1uQkZKSDzmfEq0S2-1Z1YlRieu-y_6E06UaSW1r_WIK00000003mFmVyR1va0pm_uSqEkeFghe4b-AjYfrlWOWS0~2,an.mail.ru,6052657621701456036,2621193748"  	[MsgId: MMSG-26693]
Action.c(16): Warning: Invalid parameter detected in function.
Action.c(16): Registered web_reg_find successful for "Text=MyTarget" (count=4)  	[MsgId: MMSG-26364]
Action.c(16): web_url("mail.ru") was successful, 542691 body bytes, 22598 header bytes, 12 chunking overhead bytes  	[MsgId: MMSG-26385]
Action.c(26): Notify: Transaction "1_transaction" ended with a "Pass" status (Duration: 1,2555 Wasted Time: 0,1076).
Action.c(39): Notify: Transaction "2_transaction" started.
Action.c(45): web_reg_save_param_regexp started  	[MsgId: MMSG-26355]
Action.c(45): Registering web_reg_save_param_regexp was successful  	[MsgId: MMSG-26390]
Action.c(51): web_url("login_2") started  	[MsgId: MMSG-26355]
Action.c(51): Found resource "https://img.imgsmail.ru/pkgs/login.mail.ru/227593/css/login.css" in HTML "https://account.mail.ru/login/?mode=simple&v=2.10.0&account_host=account.mail.ru&type=login&allow_external=1&app_id_mytracker=58519&success_redirect=https%3A%2F%2Fe.mail.ru%2Fmessages%2Finbox%3Fback%3D1&project=home&source=mailbox&from=navi&parent_url=https%3A%2F%2Fmail.ru%2F&responsive=compact"  	[MsgId: MMSG-26659]
Action.c(51): Resource "https://limg.imgsmail.ru/pkgs/whiteline/2.148.4/external.css" is in the cache already and will not be downloaded again  	[MsgId: MMSG-26655]
Action.c(51): Resource "https://limg.imgsmail.ru/pkgs/whiteline/2.148.4/inline.modern.js" is in the cache already and will not be downloaded again  	[MsgId: MMSG-26655]
Action.c(51): Found resource "https://rs.mail.ru/d26047874.gif?sz=49&rnd=113939737&ts=1701456037&sz=49" in HTML "https://account.mail.ru/login/?mode=simple&v=2.10.0&account_host=account.mail.ru&type=login&allow_external=1&app_id_mytracker=58519&success_redirect=https%3A%2F%2Fe.mail.ru%2Fmessages%2Finbox%3Fback%3D1&project=home&source=mailbox&from=navi&parent_url=https%3A%2F%2Fmail.ru%2F&responsive=compact"  	[MsgId: MMSG-26659]
Action.c(51): web_url("login_2") was successful, 87496 body bytes, 3264 header bytes  	[MsgId: MMSG-26386]
Action.c(61): web_reg_find started  	[MsgId: MMSG-26355]
Action.c(61): Registering web_reg_find was successful  	[MsgId: MMSG-26390]
Action.c(65): web_submit_data("auth") started  	[MsgId: MMSG-26355]
Action.c(65): Redirecting "https://auth.mail.ru/cgi-bin/auth?from=navi" (redirection depth is 0)  	[MsgId: MMSG-26694]
Action.c(65): To location "https://e.mail.ru/messages/inbox?app_id_mytracker=58519&authid=lpmeem3v.qfg&back=1&dwhsplit=s10273.b1ss12743s&from=login&x-login-auth=1&back=1&from=navi"  	[MsgId: MMSG-26693]
Action.c(65): Redirecting "https://e.mail.ru/messages/inbox?app_id_mytracker=58519&authid=lpmeem3v.qfg&back=1&dwhsplit=s10273.b1ss12743s&from=login&x-login-auth=1&back=1&from=navi" (redirection depth is 1)  	[MsgId: MMSG-26694]
Action.c(65): To location "https://auth.mail.ru/sdc?from=https%3A%2F%2Fe.mail.ru%2Fmessages%2Finbox%3Fapp_id_mytracker%3D58519%26authid%3Dlpmeem3v.qfg%26back%3D1%26dwhsplit%3Ds10273.b1ss12743s%26from%3Dlogin%26x-login-auth%3D1%26back%3D1%26from%3Dnavi"  	[MsgId: MMSG-26693]
Action.c(65): Redirecting "https://auth.mail.ru/sdc?from=https%3A%2F%2Fe.mail.ru%2Fmessages%2Finbox%3Fapp_id_mytracker%3D58519%26authid%3Dlpmeem3v.qfg%26back%3D1%26dwhsplit%3Ds10273.b1ss12743s%26from%3Dlogin%26x-login-auth%3D1%26back%3D1%26from%3Dnavi" (redirection depth is 2)  	[MsgId: MMSG-26694]
Action.c(65): To location "https://e.mail.ru/sdc?token=slt1_1701456038_mHuCiMHPzd_PCtp_eZaEfowEMmuKDQ-iphnup3pwyGU&from=https%3A%2F%2Fe.mail.ru%2Fmessages%2Finbox%3Fapp_id_mytracker%3D58519%26authid%3Dlpmeem3v.qfg%26back%3D1%26dwhsplit%3Ds10273.b1ss12743s%26from%3Dlogin%26x-login-auth%3D1%26back%3D1%26from%3Dnavi"  	[MsgId: MMSG-26693]
Action.c(65): Redirecting "https://e.mail.ru/sdc?token=slt1_1701456038_mHuCiMHPzd_PCtp_eZaEfowEMmuKDQ-iphnup3pwyGU&from=https%3A%2F%2Fe.mail.ru%2Fmessages%2Finbox%3Fapp_id_mytracker%3D58519%26authid%3Dlpmeem3v.qfg%26back%3D1%26dwhsplit%3Ds10273.b1ss12743s%26from%3Dlogin%26x-login-auth%3D1%26back%3D1%26from%3Dnavi" (redirection depth is 3)  	[MsgId: MMSG-26694]
Action.c(65): To location "https://e.mail.ru/messages/inbox?app_id_mytracker=58519&authid=lpmeem3v.qfg&back=1&dwhsplit=s10273.b1ss12743s&from=login&x-login-auth=1&back=1&from=navi"  	[MsgId: MMSG-26693]
Action.c(65): Registered web_reg_find successful for "Text=Status: 200" (count=1)  	[MsgId: MMSG-26364]
Action.c(65): web_submit_data("auth") was successful, 1197 body bytes, 21287 header bytes, 11 chunking overhead bytes  	[MsgId: MMSG-26385]
Action.c(88): Notify: Transaction "2_transaction" ended with a "Pass" status (Duration: 1,3243 Wasted Time: 0,0153).
Action.c(99): Notify: Transaction "3_transaction" started.
Action.c(101): web_reg_save_param_regexp started  	[MsgId: MMSG-26355]
Action.c(101): Registering web_reg_save_param_regexp was successful  	[MsgId: MMSG-26390]
Action.c(106): web_reg_find started  	[MsgId: MMSG-26355]
Action.c(106): Registering web_reg_find was successful  	[MsgId: MMSG-26390]
Action.c(110): web_submit_data("short_2") started  	[MsgId: MMSG-26355]
Action.c(110): Registered web_reg_find successful for "Text=birthday" (count=1)  	[MsgId: MMSG-26364]
Action.c(110): web_submit_data("short_2") was successful, 1760 body bytes, 5427 header bytes  	[MsgId: MMSG-26386]
Action.c(125): web_submit_data("clear") started  	[MsgId: MMSG-26355]
Action.c(125): web_submit_data("clear") was successful, 79 body bytes, 5423 header bytes  	[MsgId: MMSG-26386]
Action.c(141): Notify: Transaction "3_transaction" ended with a "Pass" status (Duration: 0,2948 Wasted Time: 0,0090).
Action.c(156): Notify: Transaction "4_transaction" started.
Action.c(158): web_reg_find started  	[MsgId: MMSG-26355]
Action.c(158): Registering web_reg_find was successful  	[MsgId: MMSG-26390]
Action.c(162): web_url("logout") started  	[MsgId: MMSG-26355]
Action.c(162): Redirecting "https://auth.mail.ru/cgi-bin/logout?next=1&lang=ru_RU&page=https%3A%2F%2Fmail.ru%2F%3Ffrom%3Dlogout" (redirection depth is 0)  	[MsgId: MMSG-26694]
Action.c(162): To location "https://mail.ru/?from=logout"  	[MsgId: MMSG-26693]
Action.c(162): Resource "https://limg.imgsmail.ru/re/c/theme-system-811b094eed94.css" is in the cache already and will not be downloaded again  	[MsgId: MMSG-26655]
Action.c(162): Resource "https://limg.imgsmail.ru/re/c/desktop-0a6aa1a6.css" is in the cache already and will not be downloaded again  	[MsgId: MMSG-26655]
Action.c(162): Resource "https://limg.imgsmail.ru/re/c/app-b11fcec2.css" is in the cache already and will not be downloaded again  	[MsgId: MMSG-26655]
Action.c(162): Found resource "https://rs.mail.ru/d69888407.gif?sz=15&rnd=323561177&ts=1701456039&sz=15" in HTML "https://mail.ru/?from=logout"  	[MsgId: MMSG-26659]
Action.c(162): Resource "https://ad.mail.ru/i1629.gif" is in the cache already and will not be downloaded again  	[MsgId: MMSG-26655]
Action.c(162): Resource "https://ad.mail.ru/i3465.gif" is in the cache already and will not be downloaded again  	[MsgId: MMSG-26655]
Action.c(162): Resource "https://limg.imgsmail.ru/pkgs/whiteline/2.148.4/external.css" is in the cache already and will not be downloaded again  	[MsgId: MMSG-26655]
Action.c(162): Resource "https://limg.imgsmail.ru/pkgs/whiteline/2.148.4/inline.modern.js" is in the cache already and will not be downloaded again  	[MsgId: MMSG-26655]
Action.c(162): Resource "https://limg.imgsmail.ru/re/j/slidotype-e145c225.js" is in the cache already and will not be downloaded again  	[MsgId: MMSG-26655]
Action.c(162): Resource "https://r.mradx.net/img/66/64C633.png" is in the cache already and will not be downloaded again  	[MsgId: MMSG-26655]
Action.c(162): Resource "https://r.mradx.net/img/DD/6982C3.png" is in the cache already and will not be downloaded again  	[MsgId: MMSG-26655]
Action.c(162): Resource "https://mail.ru/re/i/icons/05c5582306fd.svg" is in the cache already and will not be downloaded again  	[MsgId: MMSG-26655]
Action.c(162): Resource "https://mail.ru/re/i/icons/ea00582306fd.svg" is in the cache already and will not be downloaded again  	[MsgId: MMSG-26655]
Action.c(162): Resource "https://mail.ru/re/i/icons/475d582306fd.svg" is in the cache already and will not be downloaded again  	[MsgId: MMSG-26655]
Action.c(162): Resource "https://r.mradx.net/img/46/4B5CF0.svg" is in the cache already and will not be downloaded again  	[MsgId: MMSG-26655]
Action.c(162): Resource "https://r.mradx.net/img/64/4FC0AB.png" is in the cache already and will not be downloaded again  	[MsgId: MMSG-26655]
Action.c(162): Found resource "https://vkplay.ru/hotbox/showcase/gamelocale/icon/344184a3-b015-4540-afb8-72cbd808dba6.png" in HTML "https://mail.ru/?from=logout"  	[MsgId: MMSG-26659]
Action.c(162): Found resource "https://vkplay.ru/hotbox/showcase/gamelocale/icon/f836b4b0-1f71-4f0e-85e6-ef0919601c4e.png" in HTML "https://mail.ru/?from=logout"  	[MsgId: MMSG-26659]
Action.c(162): Detected non-resource "https://yandex.ru/portal/searchframe/desktop?theme=system&button=&mstatid=100000000&dark_theme=0" in "https://mail.ru/?from=logout"  	[MsgId: MMSG-26574]
Action.c(162): Retrieving data from cache for "https://yandex.ru/portal/searchframe/desktop?theme=system&button=&mstatid=100000000&dark_theme=0"  	[MsgId: MMSG-26558]
Action.c(162): Resource "https://mail.ru/re/i/icons/9649582306fd.svg" is in the cache already and will not be downloaded again  	[MsgId: MMSG-26655]
Action.c(162): Resource "https://home.imgsmail.ru/antares/test/test.js" is in the cache already and will not be downloaded again  	[MsgId: MMSG-26655]
Action.c(162): Resource "https://limg.imgsmail.ru/informers/resplash/test.js" is in the cache already and will not be downloaded again  	[MsgId: MMSG-26655]
Action.c(162): Resource "https://imgs2.imgsmail.ru/test.js" is in the cache already and will not be downloaded again  	[MsgId: MMSG-26655]
Action.c(162): Resource "https://limg.imgsmail.ru/re/j/app-2d745eb1.js" is in the cache already and will not be downloaded again  	[MsgId: MMSG-26655]
Action.c(162): Found resource "https://reklama.mail.ru/d17184638.gif" in HTML "https://mail.ru/?from=logout"  	[MsgId: MMSG-26659]
Action.c(162): Found resource "https://rs.mail.ru/d1124793.gif?rnd=341309293&ts=1701456039" in HTML "https://mail.ru/?from=logout"  	[MsgId: MMSG-26659]
Action.c(162): Found resource "https://an.mail.ru/count/U_4amautHtK505u0488WCPTsrL400000O9WBSFJqW908a042m042s06AXnte0O01y0ACkfAo1h030g06gWF91hi-4Mkr5qq5gGU6her73VSAJj070l8D0FeD088E0000" in HTML "https://mail.ru/?from=logout"  	[MsgId: MMSG-26659]
Action.c(162): Found resource "https://b2.mail.ru/count/U_4amautHtK505u0488WCPTsrL400000O9WBSFJqW908a042m042s06AXnte0O01y0ACkfAo1h030g06gWF91hi-4Mkr5qq5gGU6her73VSAJj070l8D0FeD088E0000" in HTML "https://mail.ru/?from=logout"  	[MsgId: MMSG-26659]
Action.c(162): Found resource "https://ad.mail.ru/cm.gif?p=123" in HTML "https://mail.ru/?from=logout"  	[MsgId: MMSG-26659]
Action.c(162): Found resource "https://rs.mail.ru/un?uniq2=WwkCAOjlSgUBOAcAATzcaAIBCAAAAQ==&euniq2=WgkDAOjlSgUBARAOATM+DwAJARAOAXsTAAAJCAAAAQ==&rnd=765410980" in HTML "https://mail.ru/?from=logout"  	[MsgId: MMSG-26659]
Action.c(162): Redirecting "https://an.mail.ru/count/U_4amautHtK505u0488WCPTsrL400000O9WBSFJqW908a042m042s06AXnte0O01y0ACkfAo1h030g06gWF91hi-4Mkr5qq5gGU6her73VSAJj070l8D0FeD088E0000" (redirection depth is 0)  	[MsgId: MMSG-26694]
Action.c(162): To location "https://bs.yandex.ru/count/W9aejI_z8oVX2LcyPGG050TxyIJ24YmovmK0l00GWY0nbtRLKG00001Wc0jmzFI0a0YG0GB00GBO0Og77UW1W07m0eowah86i0C2e0Qg0ya6kpuHQxKNJGMf1uQkZKSDzmfEq0S2-1Z1YlRieu-y_6E06UaSW1r_WIK00000003mFmVyR1va0pm_uSqEkeFghe4b-AjYfrlWOWS0~2,an.mail.ru,,2239181491"  	[MsgId: MMSG-26693]
Action.c(162): Redirecting "https://bs.yandex.ru/count/W9aejI_z8oVX2LcyPGG050TxyIJ24YmovmK0l00GWY0nbtRLKG00001Wc0jmzFI0a0YG0GB00GBO0Og77UW1W07m0eowah86i0C2e0Qg0ya6kpuHQxKNJGMf1uQkZKSDzmfEq0S2-1Z1YlRieu-y_6E06UaSW1r_WIK00000003mFmVyR1va0pm_uSqEkeFghe4b-AjYfrlWOWS0~2,an.mail.ru,,2239181491" (redirection depth is 1)  	[MsgId: MMSG-26694]
Action.c(162): To location "https://an.mail.ru/count/W9aejI_z8oVX2LcyPGG050TxyIJ24YmovmK0l00GWY0nbtRLKG00001Wc0jmzFI0a0YG0GB00GBO0Og77UW1W07m0eowah86i0C2e0Qg0ya6kpuHQxKNJGMf1uQkZKSDzmfEq0S2-1Z1YlRieu-y_6E06UaSW1r_WIK00000003mFmVyR1va0pm_uSqEkeFghe4b-AjYfrlWOWS0~2,an.mail.ru,6052657621701456036,1146122362"  	[MsgId: MMSG-26693]
Action.c(162): Redirecting "https://b2.mail.ru/count/U_4amautHtK505u0488WCPTsrL400000O9WBSFJqW908a042m042s06AXnte0O01y0ACkfAo1h030g06gWF91hi-4Mkr5qq5gGU6her73VSAJj070l8D0FeD088E0000" (redirection depth is 0)  	[MsgId: MMSG-26694]
Action.c(162): To location "https://bs.yandex.ru/count/W9aejI_z8oVX2LcyPGG050TxyIJ24YmovmK0l00GWY0nbtRLKG00001Wc0jmzFI0a0YG0GB00GBO0Og77UW1W07m0eowah86i0C2e0Qg0ya6kpuHQxKNJGMf1uQkZKSDzmfEq0S2-1Z1YlRieu-y_6E06UaSW1r_WIK00000003mFmVyR1va0pm_uSqEkeFghe4b-AjYfrlWOWS0~2,b2.mail.ru,,2243933664"  	[MsgId: MMSG-26693]
Action.c(162): Redirecting "https://bs.yandex.ru/count/W9aejI_z8oVX2LcyPGG050TxyIJ24YmovmK0l00GWY0nbtRLKG00001Wc0jmzFI0a0YG0GB00GBO0Og77UW1W07m0eowah86i0C2e0Qg0ya6kpuHQxKNJGMf1uQkZKSDzmfEq0S2-1Z1YlRieu-y_6E06UaSW1r_WIK00000003mFmVyR1va0pm_uSqEkeFghe4b-AjYfrlWOWS0~2,b2.mail.ru,,2243933664" (redirection depth is 1)  	[MsgId: MMSG-26694]
Action.c(162): To location "https://b2.mail.ru/count/W9aejI_z8oVX2LcyPGG050TxyIJ24YmovmK0l00GWY0nbtRLKG00001Wc0jmzFI0a0YG0GB00GBO0Og77UW1W07m0eowah86i0C2e0Qg0ya6kpuHQxKNJGMf1uQkZKSDzmfEq0S2-1Z1YlRieu-y_6E06UaSW1r_WIK00000003mFmVyR1va0pm_uSqEkeFghe4b-AjYfrlWOWS0~2,b2.mail.ru,6052657621701456036,1963405493"  	[MsgId: MMSG-26693]
Action.c(162): Warning: Invalid parameter detected in function.
Action.c(162): Registered web_reg_find successful for "Text=Status: 200" (count=10)  	[MsgId: MMSG-26364]
Action.c(162): web_url("logout") was successful, 95971 body bytes, 13090 header bytes, 11 chunking overhead bytes  	[MsgId: MMSG-26385]
Action.c(172): Notify: Transaction "4_transaction" ended with a "Pass" status (Duration: 0,7837 Wasted Time: 0,0157).
Ending action Action.
Ending iteration 1.
Ending Vuser...
Starting action vuser_end.
Ending action vuser_end.
Vuser Terminated.
